logs/4791cf01-b6d3-47eb-91de-e2972fd03d52.txt
run_id:4791cf01-b6d3-47eb-91de-e2972fd03d52
mlx_version:0.31.1
train_loader:shards pattern=./data/datasets/fineweb10B_sp1024_smoke/fineweb_train_*.bin
val_loader:shards pattern=./data/datasets/fineweb10B_sp1024_smoke/fineweb_val_*.bin tokens:62021632
train_loader:dataset:fineweb10B_sp1024_smoke train_shards:1
tokenizer_path:./data/tokenizers/fineweb_1024_bpe.model
model_params:17059912 vocab_size:1024 layers:9 dim:512 heads:8 kv_heads:4 seq_len:512 tie_embeddings:True
iterations:20000 train_batch_tokens:65536 grad_accum_steps:1 microbatch_tokens:65536 microbatch_batch_size:128 val_batch_size:524288 warmup_steps:5 max_wallclock_seconds:600.000
mlx_max_microbatch_tokens:16384
optimizer:muon+adam muon_matrix_params:54 scalar_params:37 embed_lr:0.35 matrix_lr:0.3 scalar_lr:0.3 muon_momentum:0.99 muon_steps:5
val_bpb:enabled tokenizer_kind=sentencepiece tokenizer_path=./data/tokenizers/fineweb_1024_bpe.model
compute_dtype:mlx.core.bfloat16 compile:True
dtypes tok_emb:mlx.core.bfloat16 linear_weight:mlx.core.float32 skip_weights:mlx.core.float32
warmup_step:1/5
warmup_step:2/5
warmup_step:3/5
warmup_step:4/5
warmup_step:5/5
step:1/20000 train_loss:6.9365 train_time:2616ms step_avg:2616.39ms tok_s:25048
step:2/20000 train_loss:19.1072 train_time:5319ms step_avg:2659.53ms tok_s:24253
step:3/20000 train_loss:13.9016 train_time:8034ms step_avg:2678.09ms tok_s:24139
step:4/20000 train_loss:10.4476 train_time:10738ms step_avg:2684.40ms tok_s:24247
step:5/20000 train_loss:8.3317 train_time:13407ms step_avg:2681.35ms tok_s:24559
step:6/20000 train_loss:6.9922 train_time:16082ms step_avg:2680.28ms tok_s:24503
step:7/20000 train_loss:6.1732 train_time:18766ms step_avg:2680.82ms tok_s:24420
step:8/20000 train_loss:5.8630 train_time:21432ms step_avg:2679.02ms tok_s:24582
step:9/20000 train_loss:5.8057 train_time:24124ms step_avg:2680.44ms tok_s:24349
step:10/20000 train_loss:5.6812 train_time:26806ms step_avg:2680.59ms tok_s:24442
step:200/20000 train_loss:3.1357 train_time:536545ms step_avg:2682.72ms tok_s:24162
val_progress:1/119
val_progress:25/119
val_progress:50/119
val_progress:75/119
val_progress:100/119
val_progress:119/119
step:224/20000 val_loss:2.9583 val_bpb:1.7521 train_time:601057ms step_avg:2683.29ms
stopping_early: wallclock_cap train_time:601057ms step:224/20000
saved_model:logs/4791cf01-b6d3-47eb-91de-e2972fd03d52_mlx_model.npz bytes:67212188
serialized_model_int8_zlib:8623913 bytes (payload:17178912 raw_pickle:17188361 payload_ratio:3.91x)
final_eval_mode:sliding_window stride:256 batch_seqs:32
val_sliding_progress:32/242272
val_sliding_progress:60544/242272
val_sliding_progress:121088/242272
val_sliding_progress:181632/242272
val_sliding_progress:242176/242272
val_sliding_progress:242272/242272
final_int8_zlib_roundtrip val_loss:2.9020 val_bpb:1.7187 eval_time:1355357ms
final_int8_zlib_roundtrip_exact val_loss:2.90196336 val_bpb:1.71870592
